<?xml version="1.0" encoding="UTF-8"?>
<!-- Generated by org.testng.reporters.JUnitXMLReporter -->
<testsuite hostname="DESKTOP-SR17U1H" ignored="0" name="End to End test cases" tests="3" failures="1" timestamp="06 Apr 2019 10:36:31 GMT" time="116.324" errors="0">
  <testcase name="GoogleIcon" time="0.141" classname="com.E2E.qa.testcases.GoogleTest"/>
  <testcase name="GoogleSearch" time="3.222" classname="com.E2E.qa.testcases.GoogleTest"/>
  <testcase name="GoogleTitle" time="0.018" classname="com.E2E.qa.testcases.GoogleTest">
    <failure type="java.lang.AssertionError" message="expected [1Google] but found [Google]">
      <![CDATA[java.lang.AssertionError: expected [1Google] but found [Google]
at com.E2E.qa.testcases.GoogleTest.GoogleTitle(GoogleTest.java:40)
... Removed 31 stack frames]]>
    </failure>
  </testcase> <!-- GoogleTitle -->
</testsuite> <!-- End to End test cases -->
